<?xml version="1.0" encoding="UTF-8"?>
<!-- Generated by org.testng.reporters.JUnitReportReporter -->
<testsuite hostname="IN-VM-HS21" failures="0" tests="3" name="com.browserstack.LocalTest" time="46.066" errors="0" timestamp="2022-10-10T18:23:28 IST" skipped="0">
  <testcase classname="com.browserstack.LocalTest" name="test" time="16.685"/>
  <system-out/>
  <testcase classname="com.browserstack.LocalTest" name="test" time="18.831"/>
  <system-out/>
  <testcase classname="com.browserstack.LocalTest" name="test" time="10.550"/>
  <system-out/>
</testsuite> <!-- com.browserstack.LocalTest -->
